<?xml version="1.0" encoding="UTF-8"?>
<testsuite name="SerializeDeserializeTest" tests="1" skipped="0" failures="0" errors="0" timestamp="2016-05-12T18:56:26" hostname="DESKTOP-0AP719J" time="0.898">
  <properties/>
  <testcase name="testSerializeDeserialize" classname="SerializeDeserializeTest" time="0.898"/>
  <system-out><![CDATA[<?xml version="1.0" encoding="UTF-8" standalone="no"?>
<rootObject class="TestObject">
    <PRE_EXISTING_MAP class="java.util.HashMap">
        <entry>
            <key class="java.lang.String">Weather</key>
            <value class="java.lang.String">nice &amp; hot</value>
        </entry>
        <entry>
            <key class="java.lang.String">Hello</key>
            <value class="java.lang.String">World</value>
        </entry>
        <entry>
            <key class="java.lang.String">Drink</key>
            <value class="java.lang.String">Martini on the rocks</value>
        </entry>
    </PRE_EXISTING_MAP>
    <STATIC_STRING class="java.lang.String">This object will be re-constructed upon deserialization,unlike static final fields which are only re-populatedlike the map on the previous line</STATIC_STRING>
    <justAnArray type="TestObject">
        <elem class="TestObject" id="326">
            <justAnArray type="TestObject">
                <elem class="TestObject" id="65">
                    <justAnArray type="TestObject">
                        <elem class="TestObject" id="16">
                            <justAnArray type="TestObject">
                                <elem class="TestObject" id="5">
                                    <justAnArray type="TestObject">
                                        <elem class="TestObject" id="1">
                                            <justAnArray type="TestObject"/>
                                            <listy class="java.util.ArrayList"/>
                                            <mappetyMap class="java.util.LinkedHashMap"/>
                                            <howMuchN>0</howMuchN>
                                            <isSuperCool>true</isSuperCool>
                                            <equity>1000000.0</equity>
                                            <primes type="int">
                                                <elem>2</elem>
                                                <elem>3</elem>
                                                <elem>5</elem>
                                                <elem>7</elem>
                                                <elem>11</elem>
                                                <elem>13</elem>
                                                <elem>17</elem>
                                                <elem>19</elem>
                                                <elem>23</elem>
                                                <elem>29</elem>
                                            </primes>
                                            <objects length="3" type="java.lang.Object">
                                                <elem class="java.lang.Integer" index="1">86.400</elem>
                                            </objects>
                                            <helloWorld class="java.lang.String" id="2">Hello world!</helloWorld>
                                            <date class="java.util.Date">1463079386975</date>
                                            <aNullObject null="true"/>
                                            <url class="java.net.URL">https://www.google.com</url>
                                        </elem>
                                    </justAnArray>
                                    <listy class="java.util.ArrayList">
                                        <elem ref="1"/>
                                    </listy>
                                    <mappetyMap class="java.util.LinkedHashMap">
                                        <entry>
                                            <key class="java.lang.Integer" id="4">0</key>
                                            <value ref="1"/>
                                        </entry>
                                    </mappetyMap>
                                    <howMuchN>1</howMuchN>
                                    <isSuperCool>true</isSuperCool>
                                    <equity>1000000.0</equity>
                                    <primes type="int">
                                        <elem>2</elem>
                                        <elem>3</elem>
                                        <elem>5</elem>
                                        <elem>7</elem>
                                        <elem>11</elem>
                                        <elem>13</elem>
                                        <elem>17</elem>
                                        <elem>19</elem>
                                        <elem>23</elem>
                                        <elem>29</elem>
                                    </primes>
                                    <objects length="3" type="java.lang.Object">
                                        <elem class="java.lang.Integer" index="1">86.400</elem>
                                    </objects>
                                    <helloWorld ref="2"/>
                                    <date class="java.util.Date">1463079386975</date>
                                    <aNullObject null="true"/>
                                    <url class="java.net.URL">https://www.google.com</url>
                                </elem>
                                <elem class="TestObject" id="6">
                                    <justAnArray type="TestObject">
                                        <elem class="TestObject" id="3">
                                            <justAnArray type="TestObject"/>
                                            <listy class="java.util.ArrayList"/>
                                            <mappetyMap class="java.util.LinkedHashMap"/>
                                            <howMuchN>0</howMuchN>
                                            <isSuperCool>true</isSuperCool>
                                            <equity>1000000.0</equity>
                                            <primes type="int">
                                                <elem>2</elem>
                                                <elem>3</elem>
                                                <elem>5</elem>
                                                <elem>7</elem>
                                                <elem>11</elem>
                                                <elem>13</elem>
                                                <elem>17</elem>
                                                <elem>19</elem>
                                                <elem>23</elem>
                                                <elem>29</elem>
                                            </primes>
                                            <objects length="3" type="java.lang.Object">
                                                <elem class="java.lang.Integer" index="1">86.400</elem>
                                            </objects>
                                            <helloWorld ref="2"/>
                                            <date class="java.util.Date">1463079386976</date>
                                            <aNullObject null="true"/>
                                            <url class="java.net.URL">https://www.google.com</url>
                                        </elem>
                                    </justAnArray>
                                    <listy class="java.util.ArrayList">
                                        <elem ref="3"/>
                                    </listy>
                                    <mappetyMap class="java.util.LinkedHashMap">
                                        <entry>
                                            <key ref="4"/>
                                            <value ref="3"/>
                                        </entry>
                                    </mappetyMap>
                                    <howMuchN>1</howMuchN>
                                    <isSuperCool>true</isSuperCool>
                                    <equity>1000000.0</equity>
                                    <primes type="int">
                                        <elem>2</elem>
                                        <elem>3</elem>
                                        <elem>5</elem>
                                        <elem>7</elem>
                                        <elem>11</elem>
                                        <elem>13</elem>
                                        <elem>17</elem>
                                        <elem>19</elem>
                                        <elem>23</elem>
                                        <elem>29</elem>
                                    </primes>
                                    <objects length="3" type="java.lang.Object">
                                        <elem class="java.lang.Integer" index="1">86.400</elem>
                                    </objects>
                                    <helloWorld ref="2"/>
                                    <date class="java.util.Date">1463079386976</date>
                                    <aNullObject null="true"/>
                                    <url class="java.net.URL">https://www.google.com</url>
                                </elem>
                            </justAnArray>
                            <listy class="java.util.ArrayList">
                                <elem ref="5"/>
                                <elem ref="6"/>
                            </listy>
                            <mappetyMap class="java.util.LinkedHashMap">
                                <entry>
                                    <key ref="4"/>
                                    <value ref="5"/>
                                </entry>
                                <entry>
                                    <key class="java.lang.Integer" id="11">1</key>
                                    <value ref="6"/>
                                </entry>
                            </mappetyMap>
                            <howMuchN>2</howMuchN>
                            <isSuperCool>true</isSuperCool>
                            <equity>1000000.0</equity>
                            <primes type="int">
                                <elem>2</elem>
                                <elem>3</elem>
                                <elem>5</elem>
                                <elem>7</elem>
                                <elem>11</elem>
                                <elem>13</elem>
                                <elem>17</elem>
                                <elem>19</elem>
                                <elem>23</elem>
                                <elem>29</elem>
                            </primes>
                            <objects length="3" type="java.lang.Object">
                                <elem class="java.lang.Integer" index="1">86.400</elem>
                            </objects>
                            <helloWorld ref="2"/>
                            <date class="java.util.Date">1463079386975</date>
                            <aNullObject null="true"/>
                            <url class="java.net.URL">https://www.google.com</url>
                        </elem>
                        <elem class="TestObject" id="17">
                            <justAnArray type="TestObject">
                                <elem class="TestObject" id="9">
                                    <justAnArray type="TestObject">
                                        <elem class="TestObject" id="7">
                                            <justAnArray type="TestObject"/>
                                            <listy class="java.util.ArrayList"/>
                                            <mappetyMap class="java.util.LinkedHashMap"/>
                                            <howMuchN>0</howMuchN>
                                            <isSuperCool>true</isSuperCool>
                                            <equity>1000000.0</equity>
                                            <primes type="int">
                                                <elem>2</elem>
                                                <elem>3</elem>
                                                <elem>5</elem>
                                                <elem>7</elem>
                                                <elem>11</elem>
                                                <elem>13</elem>
                                                <elem>17</elem>
                                                <elem>19</elem>
                                                <elem>23</elem>
                                                <elem>29</elem>
                                            </primes>
                                            <objects length="3" type="java.lang.Object">
                                                <elem class="java.lang.Integer" index="1">86.400</elem>
                                            </objects>
                                            <helloWorld ref="2"/>
                                            <date class="java.util.Date">1463079386977</date>
                                            <aNullObject null="true"/>
                                            <url class="java.net.URL">https://www.google.com</url>
                                        </elem>
                                    </justAnArray>
                                    <listy class="java.util.ArrayList">
                                        <elem ref="7"/>
                                    </listy>
                                    <mappetyMap class="java.util.LinkedHashMap">
                                        <entry>
                                            <key ref="4"/>
                                            <value ref="7"/>
                                        </entry>
                                    </mappetyMap>
                                    <howMuchN>1</howMuchN>
                                    <isSuperCool>true</isSuperCool>
                                    <equity>1000000.0</equity>
                                    <primes type="int">
                                        <elem>2</elem>
                                        <elem>3</elem>
                                        <elem>5</elem>
                                        <elem>7</elem>
                                        <elem>11</elem>
                                        <elem>13</elem>
                                        <elem>17</elem>
                                        <elem>19</elem>
                                        <elem>23</elem>
                                        <elem>29</elem>
                                    </primes>
                                    <objects length="3" type="java.lang.Object">
                                        <elem class="java.lang.Integer" index="1">86.400</elem>
                                    </objects>
                                    <helloWorld ref="2"/>
                                    <date class="java.util.Date">1463079386977</date>
                                    <aNullObject null="true"/>
                                    <url class="java.net.URL">https://www.google.com</url>
                                </elem>
                                <elem class="TestObject" id="10">
                                    <justAnArray type="TestObject">
                                        <elem class="TestObject" id="8">
                                            <justAnArray type="TestObject"/>
                                            <listy class="java.util.ArrayList"/>
                                            <mappetyMap class="java.util.LinkedHashMap"/>
                                            <howMuchN>0</howMuchN>
                                            <isSuperCool>true</isSuperCool>
                                            <equity>1000000.0</equity>
                                            <primes type="int">
                                                <elem>2</elem>
                                                <elem>3</elem>
                                                <elem>5</elem>
                                                <elem>7</elem>
                                                <elem>11</elem>
                                                <elem>13</elem>
                                                <elem>17</elem>
                                                <elem>19</elem>
                                                <elem>23</elem>
                                                <elem>29</elem>
                                            </primes>
                                            <objects length="3" type="java.lang.Object">
                                                <elem class="java.lang.Integer" index="1">86.400</elem>
                                            </objects>
                                            <helloWorld ref="2"/>
                                            <date class="java.util.Date">1463079386977</date>
                                            <aNullObject null="true"/>
                                            <url class="java.net.URL">https://www.google.com</url>
                                        </elem>
                                    </justAnArray>
                                    <listy class="java.util.ArrayList">
                                        <elem ref="8"/>
                                    </listy>
                                    <mappetyMap class="java.util.LinkedHashMap">
                                        <entry>
                                            <key ref="4"/>
                                            <value ref="8"/>
                                        </entry>
                                    </mappetyMap>
                                    <howMuchN>1</howMuchN>
                                    <isSuperCool>true</isSuperCool>
                                    <equity>1000000.0</equity>
                                    <primes type="int">
                                        <elem>2</elem>
                                        <elem>3</elem>
                                        <elem>5</elem>
                                        <elem>7</elem>
                                        <elem>11</elem>
                                        <elem>13</elem>
                                        <elem>17</elem>
                                        <elem>19</elem>
                                        <elem>23</elem>
                                        <elem>29</elem>
                                    </primes>
                                    <objects length="3" type="java.lang.Object">
                                        <elem class="java.lang.Integer" index="1">86.400</elem>
                                    </objects>
                                    <helloWorld ref="2"/>
                                    <date class="java.util.Date">1463079386977</date>
                                    <aNullObject null="true"/>
                                    <url class="java.net.URL">https://www.google.com</url>
                                </elem>
                            </justAnArray>
                            <listy class="java.util.ArrayList">
                                <elem ref="9"/>
                                <elem ref="10"/>
                            </listy>
                            <mappetyMap class="java.util.LinkedHashMap">
                                <entry>
                                    <key ref="4"/>
                                    <value ref="9"/>
                                </entry>
                                <entry>
                                    <key ref="11"/>
                                    <value ref="10"/>
                                </entry>
                            </mappetyMap>
                            <howMuchN>2</howMuchN>
                            <isSuperCool>true</isSuperCool>
                            <equity>1000000.0</equity>
                            <primes type="int">
                                <elem>2</elem>
                                <elem>3</elem>
                                <elem>5</elem>
                                <elem>7</elem>
                                <elem>11</elem>
                                <elem>13</elem>
                                <elem>17</elem>
                                <elem>19</elem>
                                <elem>23</elem>
                                <elem>29</elem>
                            </primes>
                            <objects length="3" type="java.lang.Object">
                                <elem class="java.lang.Integer" index="1">86.400</elem>
                            </objects>
                            <helloWorld ref="2"/>
                            <date class="java.util.Date">1463079386977</date>
                            <aNullObject null="true"/>
                            <url class="java.net.URL">https://www.google.com</url>
                        </elem>
                        <elem class="TestObject" id="18">
                            <justAnArray type="TestObject">
                                <elem class="TestObject" id="14">
                                    <justAnArray type="TestObject">
                                        <elem class="TestObject" id="12">
                                            <justAnArray type="TestObject"/>
                                            <listy class="java.util.ArrayList"/>
                                            <mappetyMap class="java.util.LinkedHashMap"/>
                                            <howMuchN>0</howMuchN>
                                            <isSuperCool>true</isSuperCool>
                                            <equity>1000000.0</equity>
                                            <primes type="int">
                                                <elem>2</elem>
                                                <elem>3</elem>
                                                <elem>5</elem>
                                                <elem>7</elem>
                                                <elem>11</elem>
                                                <elem>13</elem>
                                                <elem>17</elem>
                                                <elem>19</elem>
                                                <elem>23</elem>
                                                <elem>29</elem>
                                            </primes>
                                            <objects length="3" type="java.lang.Object">
                                                <elem class="java.lang.Integer" index="1">86.400</elem>
                                            </objects>
                                            <helloWorld ref="2"/>
                                            <date class="java.util.Date">1463079386977</date>
                                            <aNullObject null="true"/>
                                            <url class="java.net.URL">https://www.google.com</url>
                                        </elem>
                                    </justAnArray>
                                    <listy class="java.util.ArrayList">
                                        <elem ref="12"/>
                                    </listy>
                                    <mappetyMap class="java.util.LinkedHashMap">
                                        <entry>
                                            <key ref="4"/>
                                            <value ref="12"/>
                                        </entry>
                                    </mappetyMap>
                                    <howMuchN>1</howMuchN>
                                    <isSuperCool>true</isSuperCool>
                                    <equity>1000000.0</equity>
                                    <primes type="int">
                                        <elem>2</elem>
                                        <elem>3</elem>
                                        <elem>5</elem>
                                        <elem>7</elem>
                                        <elem>11</elem>
                                        <elem>13</elem>
                                        <elem>17</elem>
                                        <elem>19</elem>
                                        <elem>23</elem>
                                        <elem>29</elem>
                                    </primes>
                                    <objects length="3" type="java.lang.Object">
                                        <elem class="java.lang.Integer" index="1">86.400</elem>
                                    </objects>
                                    <helloWorld ref="2"/>
                                    <date class="java.util.Date">1463079386977</date>
                                    <aNullObject null="true"/>
                                    <url class="java.net.URL">https://www.google.com</url>
                                </elem>
                                <elem class="TestObject" id="15">
                                    <justAnArray type="TestObject">
                                        <elem class="TestObject" id="13">
                                            <justAnArray type="TestObject"/>
                                            <listy class="java.util.ArrayList"/>
                                            <mappetyMap class="java.util.LinkedHashMap"/>
                                            <howMuchN>0</howMuchN>
                                            <isSuperCool>true</isSuperCool>
                                            <equity>1000000.0</equity>
                                            <primes type="int">
                                                <elem>2</elem>
                                                <elem>3</elem>
                                                <elem>5</elem>
                                                <elem>7</elem>
                                                <elem>11</elem>
                                                <elem>13</elem>
                                                <elem>17</elem>
                                                <elem>19</elem>
                                                <elem>23</elem>
                                                <elem>29</elem>
                                            </primes>
                                            <objects length="3" type="java.lang.Object">
                                                <elem class="java.lang.Integer" index="1">86.400</elem>
                                            </objects>
                                            <helloWorld ref="2"/>
                                            <date class="java.util.Date">1463079386977</date>
                                            <aNullObject null="true"/>
                                            <url class="java.net.URL">https://www.google.com</url>
                                        </elem>
                                    </justAnArray>
                                    <listy class="java.util.ArrayList">
                                        <elem ref="13"/>
                                    </listy>
                                    <mappetyMap class="java.util.LinkedHashMap">
                                        <entry>
                                            <key ref="4"/>
                                            <value ref="13"/>
                                        </entry>
                                    </mappetyMap>
                                    <howMuchN>1</howMuchN>
                                    <isSuperCool>true</isSuperCool>
                                    <equity>1000000.0</equity>
                                    <primes type="int">
                                        <elem>2</elem>
                                        <elem>3</elem>
                                        <elem>5</elem>
                                        <elem>7</elem>
                                        <elem>11</elem>
                                        <elem>13</elem>
                                        <elem>17</elem>
                                        <elem>19</elem>
                                        <elem>23</elem>
                                        <elem>29</elem>
                                    </primes>
                                    <objects length="3" type="java.lang.Object">
                                        <elem class="java.lang.Integer" index="1">86.400</elem>
                                    </objects>
                                    <helloWorld ref="2"/>
                                    <date class="java.util.Date">1463079386977</date>
                                    <aNullObject null="true"/>
                                    <url class="java.net.URL">https://www.google.com</url>
                                </elem>
                            </justAnArray>
                            <listy class="java.util.ArrayList">
                                <elem ref="14"/>
                                <elem ref="15"/>
                            </listy>
                            <mappetyMap class="java.util.LinkedHashMap">
                                <entry>
                                    <key ref="4"/>
                                    <value ref="14"/>
                                </entry>
                                <entry>
                                    <key ref="11"/>
                                    <value ref="15"/>
                                </entry>
                            </mappetyMap>
                            <howMuchN>2</howMuchN>
                            <isSuperCool>true</isSuperCool>
                            <equity>1000000.0</equity>
                            <primes type="int">
                                <elem>2</elem>
                                <elem>3</elem>
                                <elem>5</elem>
                                <elem>7</elem>
                                <elem>11</elem>
                                <elem>13</elem>
                                <elem>17</elem>
                                <elem>19</elem>
                                <elem>23</elem>
                                <elem>29</elem>
                            </primes>
                            <objects length="3" type="java.lang.Object">
                                <elem class="java.lang.Integer" index="1">86.400</elem>
                            </objects>
                            <helloWorld ref="2"/>
                            <date class="java.util.Date">1463079386977</date>
                            <aNullObject null="true"/>
                            <url class="java.net.URL">https://www.google.com</url>
                        </elem>
                    </justAnArray>
                    <listy class="java.util.ArrayList">
                        <elem ref="16"/>
                        <elem ref="17"/>
                        <elem ref="18"/>
                    </listy>
                    <mappetyMap class="java.util.LinkedHashMap">
                        <entry>
                            <key ref="4"/>
                            <value ref="16"/>
                        </entry>
                        <entry>
                            <key ref="11"/>
                            <value ref="17"/>
                        </entry>
                        <entry>
                            <key class="java.lang.Integer" id="34">2</key>
                            <value ref="18"/>
                        </entry>
                    </mappetyMap>
                    <howMuchN>3</howMuchN>
                    <isSuperCool>true</isSuperCool>
                    <equity>1000000.0</equity>
                    <primes type="int">
                        <elem>2</elem>
                        <elem>3</elem>
                        <elem>5</elem>
                        <elem>7</elem>
                        <elem>11</elem>
                        <elem>13</elem>
                        <elem>17</elem>
                        <elem>19</elem>
                        <elem>23</elem>
                        <elem>29</elem>
                    </primes>
                    <objects length="3" type="java.lang.Object">
                        <elem class="java.lang.Integer" index="1">86.400</elem>
                    </objects>
                    <helloWorld ref="2"/>
                    <date class="java.util.Date">1463079386975</date>
                    <aNullObject null="true"/>
                    <url class="java.net.URL">https://www.google.com</url>
                </elem>
                <elem class="TestObject" id="66">
                    <justAnArray type="TestObject">
                        <elem class="TestObject" id="31">
                            <justAnArray type="TestObject">
                                <elem class="TestObject" id="21">
                                    <justAnArray type="TestObject">
                                        <elem class="TestObject" id="19">
                                            <justAnArray type="TestObject"/>
                                            <listy class="java.util.ArrayList"/>
                                            <mappetyMap class="java.util.LinkedHashMap"/>
                                            <howMuchN>0</howMuchN>
                                            <isSuperCool>true</isSuperCool>
                                            <equity>1000000.0</equity>
                                            <primes type="int">
                                                <elem>2</elem>
                                                <elem>3</elem>
                                                <elem>5</elem>
                                                <elem>7</elem>
                                                <elem>11</elem>
                                                <elem>13</elem>
                                                <elem>17</elem>
                                                <elem>19</elem>
                                                <elem>23</elem>
                                                <elem>29</elem>
                                            </primes>
                                            <objects length="3" type="java.lang.Object">
                                                <elem class="java.lang.Integer" index="1">86.400</elem>
                                            </objects>
                                            <helloWorld ref="2"/>
                                            <date class="java.util.Date">1463079386977</date>
                                            <aNullObject null="true"/>
                                            <url class="java.net.URL">https://www.google.com</url>
                                        </elem>
                                    </justAnArray>
                                    <listy class="java.util.ArrayList">
                                        <elem ref="19"/>
                                    </listy>
                                    <mappetyMap class="java.util.LinkedHashMap">
                                        <entry>
                                            <key ref="4"/>
                                            <value ref="19"/>
                                        </entry>
                                    </mappetyMap>
                                    <howMuchN>1</howMuchN>
                                    <isSuperCool>true</isSuperCool>
                                    <equity>1000000.0</equity>
                                    <primes type="int">
                                        <elem>2</elem>
                                        <elem>3</elem>
                                        <elem>5</elem>
                                        <elem>7</elem>
                                        <elem>11</elem>
                                        <elem>13</elem>
                                        <elem>17</elem>
                                        <elem>19</elem>
                                        <elem>23</elem>
                                        <elem>29</elem>
                                    </primes>
                                    <objects length="3" type="java.lang.Object">
                                        <elem class="java.lang.Integer" index="1">86.400</elem>
                                    </objects>
                                    <helloWorld ref="2"/>
                                    <date class="java.util.Date">1463079386977</date>
                                    <aNullObject null="true"/>
                                    <url class="java.net.URL">https://www.google.com</url>
                                </elem>
                                <elem class="TestObject" id="22">
                                    <justAnArray type="TestObject">
                                        <elem class="TestObject" id="20">
                                            <justAnArray type="TestObject"/>
                                            <listy class="java.util.ArrayList"/>
                                            <mappetyMap class="java.util.LinkedHashMap"/>
                                            <howMuchN>0</howMuchN>
                                            <isSuperCool>true</isSuperCool>
                                            <equity>1000000.0</equity>
                                            <primes type="int">
                                                <elem>2</elem>
                                                <elem>3</elem>
                                                <elem>5</elem>
                                                <elem>7</elem>
                                                <elem>11</elem>
                                                <elem>13</elem>
                                                <elem>17</elem>
                                                <elem>19</elem>
                                                <elem>23</elem>
                                                <elem>29</elem>
                                            </primes>
                                            <objects length="3" type="java.lang.Object">
                                                <elem class="java.lang.Integer" index="1">86.400</elem>
                                            </objects>
                                            <helloWorld ref="2"/>
                                            <date class="java.util.Date">1463079386977</date>
                                            <aNullObject null="true"/>
                                            <url class="java.net.URL">https://www.google.com</url>
                                        </elem>
                                    </justAnArray>
                                    <listy class="java.util.ArrayList">
                                        <elem ref="20"/>
                                    </listy>
                                    <mappetyMap class="java.util.LinkedHashMap">
                                        <entry>
                                            <key ref="4"/>
                                            <value ref="20"/>
                                        </entry>
                                    </mappetyMap>
                                    <howMuchN>1</howMuchN>
                                    <isSuperCool>true</isSuperCool>
                                    <equity>1000000.0</equity>
                                    <primes type="int">
                                        <elem>2</elem>
                                        <elem>3</elem>
                                        <elem>5</elem>
                                        <elem>7</elem>
                                        <elem>11</elem>
                                        <elem>13</elem>
                                        <elem>17</elem>
                                        <elem>19</elem>
                                        <elem>23</elem>
                                        <elem>29</elem>
                                    </primes>
                                    <objects length="3" type="java.lang.Object">
                                        <elem class="java.lang.Integer" index="1">86.400</elem>
                                    </objects>
                                    <helloWorld ref="2"/>
                                    <date class="java.util.Date">1463079386977</date>
                                    <aNullObject null="true"/>
                                    <url class="java.net.URL">https://www.google.com</url>
                                </elem>
                            </justAnArray>
                            <listy class="java.util.ArrayList">
                                <elem ref="21"/>
                                <elem ref="22"/>
                            </listy>
                            <mappetyMap class="java.util.LinkedHashMap">
                                <entry>
                                    <key ref="4"/>
                                    <value ref="21"/>
                                </entry>
                                <entry>
                                    <key ref="11"/>
                                    <value ref="22"/>
                                </entry>
                            </mappetyMap>
                            <howMuchN>2</howMuchN>
                            <isSuperCool>true</isSuperCool>
                            <equity>1000000.0</equity>
                            <primes type="int">
                                <elem>2</elem>
                                <elem>3</elem>
                                <elem>5</elem>
                                <elem>7</elem>
                                <elem>11</elem>
                                <elem>13</elem>
                                <elem>17</elem>
                                <elem>19</elem>
                                <elem>23</elem>
                                <elem>29</elem>
                            </primes>
                            <objects length="3" type="java.lang.Object">
                                <elem class="java.lang.Integer" index="1">86.400</elem>
                            </objects>
                            <helloWorld ref="2"/>
                            <date class="java.util.Date">1463079386977</date>
                            <aNullObject null="true"/>
                            <url class="java.net.URL">https://www.google.com</url>
                        </elem>
                        <elem class="TestObject" id="32">
                            <justAnArray type="TestObject">
                                <elem class="TestObject" id="25">
                                    <justAnArray type="TestObject">
                                        <elem class="TestObject" id="23">
                                            <justAnArray type="TestObject"/>
                                            <listy class="java.util.ArrayList"/>
                                            <mappetyMap class="java.util.LinkedHashMap"/>
                                            <howMuchN>0</howMuchN>
                                            <isSuperCool>true</isSuperCool>
                                            <equity>1000000.0</equity>
                                            <primes type="int">
                                                <elem>2</elem>
                                                <elem>3</elem>
                                                <elem>5</elem>
                                                <elem>7</elem>
                                                <elem>11</elem>
                                                <elem>13</elem>
                                                <elem>17</elem>
                                                <elem>19</elem>
                                                <elem>23</elem>
                                                <elem>29</elem>
                                            </primes>
                                            <objects length="3" type="java.lang.Object">
                                                <elem class="java.lang.Integer" index="1">86.400</elem>
                                            </objects>
                                            <helloWorld ref="2"/>
                                            <date class="java.util.Date">1463079386978</date>
                                            <aNullObject null="true"/>
                                            <url class="java.net.URL">https://www.google.com</url>
                                        </elem>
                                    </justAnArray>
                                    <listy class="java.util.ArrayList">
                                        <elem ref="23"/>
                                    </listy>
                                    <mappetyMap class="java.util.LinkedHashMap">
                                        <entry>
                                            <key ref="4"/>
                                            <value ref="23"/>
                                        </entry>
                                    </mappetyMap>
                                    <howMuchN>1</howMuchN>
                                    <isSuperCool>true</isSuperCool>
                                    <equity>1000000.0</equity>
                                    <primes type="int">
                                        <elem>2</elem>
                                        <elem>3</elem>
                                        <elem>5</elem>
                                        <elem>7</elem>
                                        <elem>11</elem>
                                        <elem>13</elem>
                                        <elem>17</elem>
                                        <elem>19</elem>
                                        <elem>23</elem>
                                        <elem>29</elem>
                                    </primes>
                                    <objects length="3" type="java.lang.Object">
                                        <elem class="java.lang.Integer" index="1">86.400</elem>
                                    </objects>
                                    <helloWorld ref="2"/>
                                    <date class="java.util.Date">1463079386977</date>
                                    <aNullObject null="true"/>
                                    <url class="java.net.URL">https://www.google.com</url>
                                </elem>
                                <elem class="TestObject" id="26">
                                    <justAnArray type="TestObject">
                                        <elem class="TestObject" id="24">
                                            <justAnArray type="TestObject"/>
                                            <listy class="java.util.ArrayList"/>
                                            <mappetyMap class="java.util.LinkedHashMap"/>
                                            <howMuchN>0</howMuchN>
                                            <isSuperCool>true</isSuperCool>
                                            <equity>1000000.0</equity>
                                            <primes type="int">
                                                <elem>2</elem>
                                                <elem>3</elem>
                                                <elem>5</elem>
                                                <elem>7</elem>
                                                <elem>11</elem>
                                                <elem>13</elem>
                                                <elem>17</elem>
                                                <elem>19</elem>
                                                <elem>23</elem>
                                                <elem>29</elem>
                                            </primes>
                                            <objects length="3" type="java.lang.Object">
                                                <elem class="java.lang.Integer" index="1">86.400</elem>
                                            </objects>
                                            <helloWorld ref="2"/>
                                            <date class="java.util.Date">1463079386978</date>
                                            <aNullObject null="true"/>
                                            <url class="java.net.URL">https://www.google.com</url>
                                        </elem>
                                    </justAnArray>
                                    <listy class="java.util.ArrayList">
                                        <elem ref="24"/>
                                    </listy>
                                    <mappetyMap class="java.util.LinkedHashMap">
                                        <entry>
                                            <key ref="4"/>
                                            <value ref="24"/>
                                        </entry>
                                    </mappetyMap>
                                    <howMuchN>1</howMuchN>
                                    <isSuperCool>true</isSuperCool>
                                    <equity>1000000.0</equity>
                                    <primes type="int">
                                        <elem>2</elem>
                                        <elem>3</elem>
                                        <elem>5</elem>
                                        <elem>7</elem>
                                        <elem>11</elem>
                                        <elem>13</elem>
                                        <elem>17</elem>
                                        <elem>19</elem>
                                        <elem>23</elem>
                                        <elem>29</elem>
                                    </primes>
                                    <objects length="3" type="java.lang.Object">
                                        <elem class="java.lang.Integer" index="1">86.400</elem>
                                    </objects>
                                    <helloWorld ref="2"/>
                                    <date class="java.util.Date">1463079386978</date>
                                    <aNullObject null="true"/>
                                    <url class="java.net.URL">https://www.google.com</url>
                                </elem>
                            </justAnArray>
                            <listy class="java.util.ArrayList">
                                <elem ref="25"/>
                                <elem ref="26"/>
                            </listy>
                            <mappetyMap class="java.util.LinkedHashMap">
                                <entry>
                                    <key ref="4"/>
                                    <value ref="25"/>
                                </entry>
                                <entry>
                                    <key ref="11"/>
                                    <value ref="26"/>
                                </entry>
                            </mappetyMap>
                            <howMuchN>2</howMuchN>
                            <isSuperCool>true</isSuperCool>
                            <equity>1000000.0</equity>
                            <primes type="int">
                                <elem>2</elem>
                                <elem>3</elem>
                                <elem>5</elem>
                                <elem>7</elem>
                                <elem>11</elem>
                                <elem>13</elem>
                                <elem>17</elem>
                                <elem>19</elem>
                                <elem>23</elem>
                                <elem>29</elem>
                            </primes>
                            <objects length="3" type="java.lang.Object">
                                <elem class="java.lang.Integer" index="1">86.400</elem>
                            </objects>
                            <helloWorld ref="2"/>
                            <date class="java.util.Date">1463079386977</date>
                            <aNullObject null="true"/>
                            <url class="java.net.URL">https://www.google.com</url>
                        </elem>
                        <elem class="TestObject" id="33">
                            <justAnArray type="TestObject">
                                <elem class="TestObject" id="29">
                                    <justAnArray type="TestObject">
                                        <elem class="TestObject" id="27">
                                            <justAnArray type="TestObject"/>
                                            <listy class="java.util.ArrayList"/>
                                            <mappetyMap class="java.util.LinkedHashMap"/>
                                            <howMuchN>0</howMuchN>
                                            <isSuperCool>true</isSuperCool>
                                            <equity>1000000.0</equity>
                                            <primes type="int">
                                                <elem>2</elem>
                                                <elem>3</elem>
                                                <elem>5</elem>
                                                <elem>7</elem>
                                                <elem>11</elem>
                                                <elem>13</elem>
                                                <elem>17</elem>
                                                <elem>19</elem>
                                                <elem>23</elem>
                                                <elem>29</elem>
                                            </primes>
                                            <objects length="3" type="java.lang.Object">
                                                <elem class="java.lang.Integer" index="1">86.400</elem>
                                            </objects>
                                            <helloWorld ref="2"/>
                                            <date class="java.util.Date">1463079386978</date>
                                            <aNullObject null="true"/>
                                            <url class="java.net.URL">https://www.google.com</url>
                                        </elem>
                                    </justAnArray>
                                    <listy class="java.util.ArrayList">
                                        <elem ref="27"/>
                                    </listy>
                                    <mappetyMap class="java.util.LinkedHashMap">
                                        <entry>
                                            <key ref="4"/>
                                            <value ref="27"/>
                                        </entry>
                                    </mappetyMap>
                                    <howMuchN>1</howMuchN>
                                    <isSuperCool>true</isSuperCool>
                                    <equity>1000000.0</equity>
                                    <primes type="int">
                                        <elem>2</elem>
                                        <elem>3</elem>
                                        <elem>5</elem>
                                        <elem>7</elem>
                                        <elem>11</elem>
                                        <elem>13</elem>
                                        <elem>17</elem>
                                        <elem>19</elem>
                                        <elem>23</elem>
                                        <elem>29</elem>
                                    </primes>
                                    <objects length="3" type="java.lang.Object">
                                        <elem class="java.lang.Integer" index="1">86.400</elem>
                                    </objects>
                                    <helloWorld ref="2"/>
                                    <date class="java.util.Date">1463079386978</date>
                                    <aNullObject null="true"/>
                                    <url class="java.net.URL">https://www.google.com</url>
                                </elem>
                                <elem class="TestObject" id="30">
                                    <justAnArray type="TestObject">
                                        <elem class="TestObject" id="28">
                                            <justAnArray type="TestObject"/>
                                            <listy class="java.util.ArrayList"/>
                                            <mappetyMap class="java.util.LinkedHashMap"/>
                                            <howMuchN>0</howMuchN>
                                            <isSuperCool>true</isSuperCool>
                                            <equity>1000000.0</equity>
                                            <primes type="int">
                                                <elem>2</elem>
                                                <elem>3</elem>
                                                <elem>5</elem>
                                                <elem>7</elem>
                                                <elem>11</elem>
                                                <elem>13</elem>
                                                <elem>17</elem>
                                                <elem>19</elem>
                                                <elem>23</elem>
                                                <elem>29</elem>
                                            </primes>
                                            <objects length="3" type="java.lang.Object">
                                                <elem class="java.lang.Integer" index="1">86.400</elem>
                                            </objects>
                                            <helloWorld ref="2"/>
                                            <date class="java.util.Date">1463079386978</date>
                                            <aNullObject null="true"/>
                                            <url class="java.net.URL">https://www.google.com</url>
                                        </elem>
                                    </justAnArray>
                                    <listy class="java.util.ArrayList">
                                        <elem ref="28"/>
                                    </listy>
                                    <mappetyMap class="java.util.LinkedHashMap">
                                        <entry>
                                            <key ref="4"/>
                                            <value ref="28"/>
                                        </entry>
                                    </mappetyMap>
                                    <howMuchN>1</howMuchN>
                                    <isSuperCool>true</isSuperCool>
                                    <equity>1000000.0</equity>
                                    <primes type="int">
                                        <elem>2</elem>
                                        <elem>3</elem>
                                        <elem>5</elem>
                                        <elem>7</elem>
                                        <elem>11</elem>
                                        <elem>13</elem>
                                        <elem>17</elem>
                                        <elem>19</elem>
                                        <elem>23</elem>
                                        <elem>29</elem>
                                    </primes>
                                    <objects length="3" type="java.lang.Object">
                                        <elem class="java.lang.Integer" index="1">86.400</elem>
                                    </objects>
                                    <helloWorld ref="2"/>
                                    <date class="java.util.Date">1463079386978</date>
                                    <aNullObject null="true"/>
                                    <url class="java.net.URL">https://www.google.com</url>
                                </elem>
                            </justAnArray>
                            <listy class="java.util.ArrayList">
                                <elem ref="29"/>
                                <elem ref="30"/>
                            </listy>
                            <mappetyMap class="java.util.LinkedHashMap">
                                <entry>
                                    <key ref="4"/>
                                    <value ref="29"/>
                                </entry>
                                <entry>
                                    <key ref="11"/>
                                    <value ref="30"/>
                                </entry>
                            </mappetyMap>
                            <howMuchN>2</howMuchN>
                            <isSuperCool>true</isSuperCool>
                            <equity>1000000.0</equity>
                            <primes type="int">
                                <elem>2</elem>
                                <elem>3</elem>
                                <elem>5</elem>
                                <elem>7</elem>
                                <elem>11</elem>
                                <elem>13</elem>
                                <elem>17</elem>
                                <elem>19</elem>
                                <elem>23</elem>
                                <elem>29</elem>
                            </primes>
                            <objects length="3" type="java.lang.Object">
                                <elem class="java.lang.Integer" index="1">86.400</elem>
                            </objects>
                            <helloWorld ref="2"/>
                            <date class="java.util.Date">1463079386978</date>
                            <aNullObject null="true"/>
                            <url class="java.net.URL">https://www.google.com</url>
                        </elem>
                    </justAnArray>
                    <listy class="java.util.ArrayList">
                        <elem ref="31"/>
                        <elem ref="32"/>
                        <elem ref="33"/>
                    </listy>
                    <mappetyMap class="java.util.LinkedHashMap">
                        <entry>
                            <key ref="4"/>
                            <value ref="31"/>
                        </entry>
                        <entry>
                            <key ref="11"/>
                            <value ref="32"/>
                        </entry>
                        <entry>
                            <key ref="34"/>
                            <value ref="33"/>
                        </entry>
                    </mappetyMap>
                    <howMuchN>3</howMuchN>
                    <isSuperCool>true</isSuperCool>
                    <equity>1000000.0</equity>
                    <primes type="int">
                        <elem>2</elem>
                        <elem>3</elem>
                        <elem>5</elem>
                        <elem>7</elem>
                        <elem>11</elem>
                        <elem>13</elem>
                        <elem>17</elem>
                        <elem>19</elem>
                        <elem>23</elem>
                        <elem>29</elem>
                    </primes>
                    <objects length="3" type="java.lang.Object">
                        <elem class="java.lang.Integer" index="1">86.400</elem>
                    </objects>
                    <helloWorld ref="2"/>
                    <date class="java.util.Date">1463079386977</date>
                    <aNullObject null="true"/>
                    <url class="java.net.URL">https://www.google.com</url>
                </elem>
                <elem class="TestObject" id="67">
                    <justAnArray type="TestObject">
                        <elem class="TestObject" id="47">
                            <justAnArray type="TestObject">
                                <elem class="TestObject" id="37">
                                    <justAnArray type="TestObject">
                                        <elem class="TestObject" id="35">
                                            <justAnArray type="TestObject"/>
                                            <listy class="java.util.ArrayList"/>
                                            <mappetyMap class="java.util.LinkedHashMap"/>
                                            <howMuchN>0</howMuchN>
                                            <isSuperCool>true</isSuperCool>
                                            <equity>1000000.0</equity>
                                            <primes type="int">
                                                <elem>2</elem>
                                                <elem>3</elem>
                                                <elem>5</elem>
                                                <elem>7</elem>
                                                <elem>11</elem>
                                                <elem>13</elem>
                                                <elem>17</elem>
                                                <elem>19</elem>
                                                <elem>23</elem>
                                                <elem>29</elem>
                                            </primes>
                                            <objects length="3" type="java.lang.Object">
                                                <elem class="java.lang.Integer" index="1">86.400</elem>
                                            </objects>
                                            <helloWorld ref="2"/>
                                            <date class="java.util.Date">1463079386978</date>
                                            <aNullObject null="true"/>
                                            <url class="java.net.URL">https://www.google.com</url>
                                        </elem>
                                    </justAnArray>
                                    <listy class="java.util.ArrayList">
                                        <elem ref="35"/>
                                    </listy>
                                    <mappetyMap class="java.util.LinkedHashMap">
                                        <entry>
                                            <key ref="4"/>
                                            <value ref="35"/>
                                        </entry>
                                    </mappetyMap>
                                    <howMuchN>1</howMuchN>
                                    <isSuperCool>true</isSuperCool>
                                    <equity>1000000.0</equity>
                                    <primes type="int">
                                        <elem>2</elem>
                                        <elem>3</elem>
                                        <elem>5</elem>
                                        <elem>7</elem>
                                        <elem>11</elem>
                                        <elem>13</elem>
                                        <elem>17</elem>
                                        <elem>19</elem>
                                        <elem>23</elem>
                                        <elem>29</elem>
                                    </primes>
                                    <objects length="3" type="java.lang.Object">
                                        <elem class="java.lang.Integer" index="1">86.400</elem>
                                    </objects>
                                    <helloWorld ref="2"/>
                                    <date class="java.util.Date">1463079386978</date>
                                    <aNullObject null="true"/>
                                    <url class="java.net.URL">https://www.google.com</url>
                                </elem>
                                <elem class="TestObject" id="38">
                                    <justAnArray type="TestObject">
                                        <elem class="TestObject" id="36">
                                            <justAnArray type="TestObject"/>
                                            <listy class="java.util.ArrayList"/>
                                            <mappetyMap class="java.util.LinkedHashMap"/>
                                            <howMuchN>0</howMuchN>
                                            <isSuperCool>true</isSuperCool>
                                            <equity>1000000.0</equity>
                                            <primes type="int">
                                                <elem>2</elem>
                                                <elem>3</elem>
                                                <elem>5</elem>
                                                <elem>7</elem>
                                                <elem>11</elem>
                                                <elem>13</elem>
                                                <elem>17</elem>
                                                <elem>19</elem>
                                                <elem>23</elem>
                                                <elem>29</elem>
                                            </primes>
                                            <objects length="3" type="java.lang.Object">
                                                <elem class="java.lang.Integer" index="1">86.400</elem>
                                            </objects>
                                            <helloWorld ref="2"/>
                                            <date class="java.util.Date">1463079386978</date>
                                            <aNullObject null="true"/>
                                            <url class="java.net.URL">https://www.google.com</url>
                                        </elem>
                                    </justAnArray>
                                    <listy class="java.util.ArrayList">
                                        <elem ref="36"/>
                                    </listy>
                                    <mappetyMap class="java.util.LinkedHashMap">
                                        <entry>
                                            <key ref="4"/>
                                            <value ref="36"/>
                                        </entry>
                                    </mappetyMap>
                                    <howMuchN>1</howMuchN>
                                    <isSuperCool>true</isSuperCool>
                                    <equity>1000000.0</equity>
                                    <primes type="int">
                                        <elem>2</elem>
                                        <elem>3</elem>
                                        <elem>5</elem>
                                        <elem>7</elem>
                                        <elem>11</elem>
                                        <elem>13</elem>
                                        <elem>17</elem>
                                        <elem>19</elem>
                                        <elem>23</elem>
                                        <elem>29</elem>
                                    </primes>
                                    <objects length="3" type="java.lang.Object">
                                        <elem class="java.lang.Integer" index="1">86.400</elem>
                                    </objects>
                                    <helloWorld ref="2"/>
                                    <date class="java.util.Date">1463079386978</date>
                                    <aNullObject null="true"/>
                                    <url class="java.net.URL">https://www.google.com</url>
                                </elem>
                            </justAnArray>
                            <listy class="java.util.ArrayList">
                                <elem ref="37"/>
                                <elem ref="38"/>
                            </listy>
                            <mappetyMap class="java.util.LinkedHashMap">
                                <entry>
                                    <key ref="4"/>
                                    <value ref="37"/>
                                </entry>
                                <entry>
                                    <key ref="11"/>
                                    <value ref="38"/>
                                </entry>
                            </mappetyMap>
                            <howMuchN>2</howMuchN>
                            <isSuperCool>true</isSuperCool>
                            <equity>1000000.0</equity>
                            <primes type="int">
                                <elem>2</elem>
                                <elem>3</elem>
                                <elem>5</elem>
                                <elem>7</elem>
                                <elem>11</elem>
                                <elem>13</elem>
                                <elem>17</elem>
                                <elem>19</elem>
                                <elem>23</elem>
                                <elem>29</elem>
                            </primes>
                            <objects length="3" type="java.lang.Object">
                                <elem class="java.lang.Integer" index="1">86.400</elem>
                            </objects>
                            <helloWorld ref="2"/>
                            <date class="java.util.Date">1463079386978</date>
                            <aNullObject null="true"/>
                            <url class="java.net.URL">https://www.google.com</url>
                        </elem>
                        <elem class="TestObject" id="48">
                            <justAnArray type="TestObject">
                                <elem class="TestObject" id="41">
                                    <justAnArray type="TestObject">
                                        <elem class="TestObject" id="39">
                                            <justAnArray type="TestObject"/>
                                            <listy class="java.util.ArrayList"/>
                                            <mappetyMap class="java.util.LinkedHashMap"/>
                                            <howMuchN>0</howMuchN>
                                            <isSuperCool>true</isSuperCool>
                                            <equity>1000000.0</equity>
                                            <primes type="int">
                                                <elem>2</elem>
                                                <elem>3</elem>
                                                <elem>5</elem>
                                                <elem>7</elem>
                                                <elem>11</elem>
                                                <elem>13</elem>
                                                <elem>17</elem>
                                                <elem>19</elem>
                                                <elem>23</elem>
                                                <elem>29</elem>
                                            </primes>
                                            <objects length="3" type="java.lang.Object">
                                                <elem class="java.lang.Integer" index="1">86.400</elem>
                                            </objects>
                                            <helloWorld ref="2"/>
                                            <date class="java.util.Date">1463079386978</date>
                                            <aNullObject null="true"/>
                                            <url class="java.net.URL">https://www.google.com</url>
                                        </elem>
                                    </justAnArray>
                                    <listy class="java.util.ArrayList">
                                        <elem ref="39"/>
                                    </listy>
                                    <mappetyMap class="java.util.LinkedHashMap">
                                        <entry>
                                            <key ref="4"/>
                                            <value ref="39"/>
                                        </entry>
                                    </mappetyMap>
                                    <howMuchN>1</howMuchN>
                                    <isSuperCool>true</isSuperCool>
                                    <equity>1000000.0</equity>
                                    <primes type="int">
                                        <elem>2</elem>
                                        <elem>3</elem>
                                        <elem>5</elem>
                                        <elem>7</elem>
                                        <elem>11</elem>
                                        <elem>13</elem>
                                        <elem>17</elem>
                                        <elem>19</elem>
                                        <elem>23</elem>
                                        <elem>29</elem>
                                    </primes>
[...]
                                                <elem>19</elem>
                                                <elem>23</elem>
                                                <elem>29</elem>
                                            </primes>
                                            <objects length="3" type="java.lang.Object">
                                                <elem class="java.lang.Integer" index="1">86.400</elem>
                                            </objects>
                                            <helloWorld ref="2"/>
                                            <date class="java.util.Date">1463079386983</date>
                                            <aNullObject null="true"/>
                                            <url class="java.net.URL">https://www.google.com</url>
                                        </elem>
                                    </justAnArray>
                                    <listy class="java.util.ArrayList">
                                        <elem ref="312"/>
                                    </listy>
                                    <mappetyMap class="java.util.LinkedHashMap">
                                        <entry>
                                            <key ref="4"/>
                                            <value ref="312"/>
                                        </entry>
                                    </mappetyMap>
                                    <howMuchN>1</howMuchN>
                                    <isSuperCool>true</isSuperCool>
                                    <equity>1000000.0</equity>
                                    <primes type="int">
                                        <elem>2</elem>
                                        <elem>3</elem>
                                        <elem>5</elem>
                                        <elem>7</elem>
                                        <elem>11</elem>
                                        <elem>13</elem>
                                        <elem>17</elem>
                                        <elem>19</elem>
                                        <elem>23</elem>
                                        <elem>29</elem>
                                    </primes>
                                    <objects length="3" type="java.lang.Object">
                                        <elem class="java.lang.Integer" index="1">86.400</elem>
                                    </objects>
                                    <helloWorld ref="2"/>
                                    <date class="java.util.Date">1463079386983</date>
                                    <aNullObject null="true"/>
                                    <url class="java.net.URL">https://www.google.com</url>
                                </elem>
                            </justAnArray>
                            <listy class="java.util.ArrayList">
                                <elem ref="313"/>
                                <elem ref="314"/>
                            </listy>
                            <mappetyMap class="java.util.LinkedHashMap">
                                <entry>
                                    <key ref="4"/>
                                    <value ref="313"/>
                                </entry>
                                <entry>
                                    <key ref="11"/>
                                    <value ref="314"/>
                                </entry>
                            </mappetyMap>
                            <howMuchN>2</howMuchN>
                            <isSuperCool>true</isSuperCool>
                            <equity>1000000.0</equity>
                            <primes type="int">
                                <elem>2</elem>
                                <elem>3</elem>
                                <elem>5</elem>
                                <elem>7</elem>
                                <elem>11</elem>
                                <elem>13</elem>
                                <elem>17</elem>
                                <elem>19</elem>
                                <elem>23</elem>
                                <elem>29</elem>
                            </primes>
                            <objects length="3" type="java.lang.Object">
                                <elem class="java.lang.Integer" index="1">86.400</elem>
                            </objects>
                            <helloWorld ref="2"/>
                            <date class="java.util.Date">1463079386983</date>
                            <aNullObject null="true"/>
                            <url class="java.net.URL">https://www.google.com</url>
                        </elem>
                        <elem class="TestObject" id="321">
                            <justAnArray type="TestObject">
                                <elem class="TestObject" id="317">
                                    <justAnArray type="TestObject">
                                        <elem class="TestObject" id="315">
                                            <justAnArray type="TestObject"/>
                                            <listy class="java.util.ArrayList"/>
                                            <mappetyMap class="java.util.LinkedHashMap"/>
                                            <howMuchN>0</howMuchN>
                                            <isSuperCool>true</isSuperCool>
                                            <equity>1000000.0</equity>
                                            <primes type="int">
                                                <elem>2</elem>
                                                <elem>3</elem>
                                                <elem>5</elem>
                                                <elem>7</elem>
                                                <elem>11</elem>
                                                <elem>13</elem>
                                                <elem>17</elem>
                                                <elem>19</elem>
                                                <elem>23</elem>
                                                <elem>29</elem>
                                            </primes>
                                            <objects length="3" type="java.lang.Object">
                                                <elem class="java.lang.Integer" index="1">86.400</elem>
                                            </objects>
                                            <helloWorld ref="2"/>
                                            <date class="java.util.Date">1463079386983</date>
                                            <aNullObject null="true"/>
                                            <url class="java.net.URL">https://www.google.com</url>
                                        </elem>
                                    </justAnArray>
                                    <listy class="java.util.ArrayList">
                                        <elem ref="315"/>
                                    </listy>
                                    <mappetyMap class="java.util.LinkedHashMap">
                                        <entry>
                                            <key ref="4"/>
                                            <value ref="315"/>
                                        </entry>
                                    </mappetyMap>
                                    <howMuchN>1</howMuchN>
                                    <isSuperCool>true</isSuperCool>
                                    <equity>1000000.0</equity>
                                    <primes type="int">
                                        <elem>2</elem>
                                        <elem>3</elem>
                                        <elem>5</elem>
                                        <elem>7</elem>
                                        <elem>11</elem>
                                        <elem>13</elem>
                                        <elem>17</elem>
                                        <elem>19</elem>
                                        <elem>23</elem>
                                        <elem>29</elem>
                                    </primes>
                                    <objects length="3" type="java.lang.Object">
                                        <elem class="java.lang.Integer" index="1">86.400</elem>
                                    </objects>
                                    <helloWorld ref="2"/>
                                    <date class="java.util.Date">1463079386983</date>
                                    <aNullObject null="true"/>
                                    <url class="java.net.URL">https://www.google.com</url>
                                </elem>
                                <elem class="TestObject" id="318">
                                    <justAnArray type="TestObject">
                                        <elem class="TestObject" id="316">
                                            <justAnArray type="TestObject"/>
                                            <listy class="java.util.ArrayList"/>
                                            <mappetyMap class="java.util.LinkedHashMap"/>
                                            <howMuchN>0</howMuchN>
                                            <isSuperCool>true</isSuperCool>
                                            <equity>1000000.0</equity>
                                            <primes type="int">
                                                <elem>2</elem>
                                                <elem>3</elem>
                                                <elem>5</elem>
                                                <elem>7</elem>
                                                <elem>11</elem>
                                                <elem>13</elem>
                                                <elem>17</elem>
                                                <elem>19</elem>
                                                <elem>23</elem>
                                                <elem>29</elem>
                                            </primes>
                                            <objects length="3" type="java.lang.Object">
                                                <elem class="java.lang.Integer" index="1">86.400</elem>
                                            </objects>
                                            <helloWorld ref="2"/>
                                            <date class="java.util.Date">1463079386983</date>
                                            <aNullObject null="true"/>
                                            <url class="java.net.URL">https://www.google.com</url>
                                        </elem>
                                    </justAnArray>
                                    <listy class="java.util.ArrayList">
                                        <elem ref="316"/>
                                    </listy>
                                    <mappetyMap class="java.util.LinkedHashMap">
                                        <entry>
                                            <key ref="4"/>
                                            <value ref="316"/>
                                        </entry>
                                    </mappetyMap>
                                    <howMuchN>1</howMuchN>
                                    <isSuperCool>true</isSuperCool>
                                    <equity>1000000.0</equity>
                                    <primes type="int">
                                        <elem>2</elem>
                                        <elem>3</elem>
                                        <elem>5</elem>
                                        <elem>7</elem>
                                        <elem>11</elem>
                                        <elem>13</elem>
                                        <elem>17</elem>
                                        <elem>19</elem>
                                        <elem>23</elem>
                                        <elem>29</elem>
                                    </primes>
                                    <objects length="3" type="java.lang.Object">
                                        <elem class="java.lang.Integer" index="1">86.400</elem>
                                    </objects>
                                    <helloWorld ref="2"/>
                                    <date class="java.util.Date">1463079386983</date>
                                    <aNullObject null="true"/>
                                    <url class="java.net.URL">https://www.google.com</url>
                                </elem>
                            </justAnArray>
                            <listy class="java.util.ArrayList">
                                <elem ref="317"/>
                                <elem ref="318"/>
                            </listy>
                            <mappetyMap class="java.util.LinkedHashMap">
                                <entry>
                                    <key ref="4"/>
                                    <value ref="317"/>
                                </entry>
                                <entry>
                                    <key ref="11"/>
                                    <value ref="318"/>
                                </entry>
                            </mappetyMap>
                            <howMuchN>2</howMuchN>
                            <isSuperCool>true</isSuperCool>
                            <equity>1000000.0</equity>
                            <primes type="int">
                                <elem>2</elem>
                                <elem>3</elem>
                                <elem>5</elem>
                                <elem>7</elem>
                                <elem>11</elem>
                                <elem>13</elem>
                                <elem>17</elem>
                                <elem>19</elem>
                                <elem>23</elem>
                                <elem>29</elem>
                            </primes>
                            <objects length="3" type="java.lang.Object">
                                <elem class="java.lang.Integer" index="1">86.400</elem>
                            </objects>
                            <helloWorld ref="2"/>
                            <date class="java.util.Date">1463079386983</date>
                            <aNullObject null="true"/>
                            <url class="java.net.URL">https://www.google.com</url>
                        </elem>
                    </justAnArray>
                    <listy class="java.util.ArrayList">
                        <elem ref="319"/>
                        <elem ref="320"/>
                        <elem ref="321"/>
                    </listy>
                    <mappetyMap class="java.util.LinkedHashMap">
                        <entry>
                            <key ref="4"/>
                            <value ref="319"/>
                        </entry>
                        <entry>
                            <key ref="11"/>
                            <value ref="320"/>
                        </entry>
                        <entry>
                            <key ref="34"/>
                            <value ref="321"/>
                        </entry>
                    </mappetyMap>
                    <howMuchN>3</howMuchN>
                    <isSuperCool>true</isSuperCool>
                    <equity>1000000.0</equity>
                    <primes type="int">
                        <elem>2</elem>
                        <elem>3</elem>
                        <elem>5</elem>
                        <elem>7</elem>
                        <elem>11</elem>
                        <elem>13</elem>
                        <elem>17</elem>
                        <elem>19</elem>
                        <elem>23</elem>
                        <elem>29</elem>
                    </primes>
                    <objects length="3" type="java.lang.Object">
                        <elem class="java.lang.Integer" index="1">86.400</elem>
                    </objects>
                    <helloWorld ref="2"/>
                    <date class="java.util.Date">1463079386983</date>
                    <aNullObject null="true"/>
                    <url class="java.net.URL">https://www.google.com</url>
                </elem>
            </justAnArray>
            <listy class="java.util.ArrayList">
                <elem ref="322"/>
                <elem ref="323"/>
                <elem ref="324"/>
                <elem ref="325"/>
            </listy>
            <mappetyMap class="java.util.LinkedHashMap">
                <entry>
                    <key ref="4"/>
                    <value ref="322"/>
                </entry>
                <entry>
                    <key ref="11"/>
                    <value ref="323"/>
                </entry>
                <entry>
                    <key ref="34"/>
                    <value ref="324"/>
                </entry>
                <entry>
                    <key ref="133"/>
                    <value ref="325"/>
                </entry>
            </mappetyMap>
            <howMuchN>4</howMuchN>
            <isSuperCool>true</isSuperCool>
            <equity>1000000.0</equity>
            <primes type="int">
                <elem>2</elem>
                <elem>3</elem>
                <elem>5</elem>
                <elem>7</elem>
                <elem>11</elem>
                <elem>13</elem>
                <elem>17</elem>
                <elem>19</elem>
                <elem>23</elem>
                <elem>29</elem>
            </primes>
            <objects length="3" type="java.lang.Object">
                <elem class="java.lang.Integer" index="1">86.400</elem>
            </objects>
            <helloWorld ref="2"/>
            <date class="java.util.Date">1463079386981</date>
            <aNullObject null="true"/>
            <url class="java.net.URL">https://www.google.com</url>
        </elem>
    </justAnArray>
    <listy class="java.util.ArrayList">
        <elem ref="326"/>
        <elem ref="327"/>
        <elem ref="328"/>
        <elem ref="329"/>
        <elem ref="330"/>
    </listy>
    <mappetyMap class="java.util.LinkedHashMap">
        <entry>
            <key ref="4"/>
            <value ref="326"/>
        </entry>
        <entry>
            <key ref="11"/>
            <value ref="327"/>
        </entry>
        <entry>
            <key ref="34"/>
            <value ref="328"/>
        </entry>
        <entry>
            <key ref="133"/>
            <value ref="329"/>
        </entry>
        <entry>
            <key class="java.lang.Integer">4</key>
            <value ref="330"/>
        </entry>
    </mappetyMap>
    <howMuchN>5</howMuchN>
    <isSuperCool>true</isSuperCool>
    <equity>1000000.0</equity>
    <primes type="int">
        <elem>2</elem>
        <elem>3</elem>
        <elem>5</elem>
        <elem>7</elem>
        <elem>11</elem>
        <elem>13</elem>
        <elem>17</elem>
        <elem>19</elem>
        <elem>23</elem>
        <elem>29</elem>
    </primes>
    <objects length="3" type="java.lang.Object">
        <elem class="java.lang.Integer" index="1">86.400</elem>
    </objects>
    <helloWorld ref="2"/>
    <date class="java.util.Date">1463079386974</date>
    <aNullObject null="true"/>
    <url class="java.net.URL">https://www.google.com</url>
</rootObject>
]]></system-out>
  <system-err><![CDATA[]]></system-err>
</testsuite>
